2026/04/20 11:44:44 INFO tool call tool=comms_init duration=13.496916ms success=true
2026/04/20 11:44:45 INFO tool call tool=hivemind_find duration=13.009042ms success=true
2026/04/20 11:44:49 INFO tool call tool=comms_init duration=1.387042ms success=true
2026/04/20 11:44:50 INFO tool call tool=hivemind_find duration=2.764167ms success=true
2026/04/20 11:44:54 INFO tool call tool=comms_reserve duration=3.830083ms success=true
2026/04/20 11:45:01 INFO tool call tool=comms_reserve duration=5.626167ms success=true
2026/04/20 11:45:09 INFO tool call tool=forge_progress duration=2.045667ms success=true
2026/04/20 11:45:42 INFO tool call tool=comms_release duration=3.527833ms success=true
2026/04/20 11:46:28 INFO tool call tool=forge_progress duration=1.623417ms success=true
2026/04/20 11:47:09 INFO tool call tool=forge_progress duration=1.281625ms success=true
2026/04/20 11:47:14 INFO tool call tool=hivemind_store duration=6.631542ms success=true
2026/04/20 11:47:18 INFO tool call tool=comms_release duration=2.306833ms success=true
2026/04/20 11:47:20 INFO tool call tool=forge_complete duration=1.494208ms success=true
2026/04/20 11:49:07 INFO tool call tool=comms_init duration=2.715917ms success=true
2026/04/20 11:49:07 INFO tool call tool=hivemind_find duration=2.211917ms success=true
2026/04/20 11:49:15 INFO tool call tool=comms_init duration=3.385208ms success=true
2026/04/20 11:49:16 INFO tool call tool=hivemind_find duration=710.833µs success=true
2026/04/20 11:49:19 INFO tool call tool=comms_reserve duration=3.190667ms success=true
2026/04/20 11:49:33 INFO tool call tool=comms_reserve duration=2.14675ms success=true
2026/04/20 11:50:53 INFO tool call tool=comms_release duration=3.573209ms success=true
2026/04/20 11:50:58 INFO tool call tool=hivemind_store duration=1.4005ms success=true
2026/04/20 11:52:05 INFO tool call tool=comms_release duration=5.512791ms success=true
2026/04/20 12:00:09 INFO tool call tool=comms_init duration=10.478625ms success=true
2026/04/20 12:00:09 INFO tool call tool=hivemind_find duration=8.628ms success=true
2026/04/20 12:00:14 INFO tool call tool=comms_reserve duration=3.1855ms success=true
2026/04/20 12:01:34 INFO tool call tool=comms_release duration=3.742125ms success=true
